info: [2024-04-04T13:35:02.835Z] [GET] /recipient/all {"timestamp":"2024-04-04T13:35:02.835Z"}
info: [2024-04-04T13:35:02.912Z] [GET] /donor/all {"timestamp":"2024-04-04T13:35:02.912Z"}
info: [2024-04-04T13:35:02.914Z] [GET] /drugs/all {"timestamp":"2024-04-04T13:35:02.914Z"}
info: [2024-04-04T13:35:35.498Z] [POST] /donation/add {"timestamp":"2024-04-04T13:35:35.498Z"}
info: [2024-04-04T13:38:42.012Z] [GET] /donor/all {"timestamp":"2024-04-04T13:38:42.012Z"}
info: [2024-04-04T13:38:42.078Z] [GET] /drugs/all {"timestamp":"2024-04-04T13:38:42.079Z"}
info: [2024-04-04T13:38:42.081Z] [GET] /recipient/all {"timestamp":"2024-04-04T13:38:42.081Z"}
info: [2024-04-04T13:39:40.501Z] [POST] /donation/add {"timestamp":"2024-04-04T13:39:40.501Z"}
info: [2024-04-04T13:39:54.074Z] [GET] /recipient/all {"timestamp":"2024-04-04T13:39:54.074Z"}
info: [2024-04-04T13:39:54.076Z] [GET] /drugs/all {"timestamp":"2024-04-04T13:39:54.076Z"}
info: [2024-04-04T13:39:54.077Z] [GET] /donor/all {"timestamp":"2024-04-04T13:39:54.077Z"}
info: Server is running on port 3000 {"timestamp":"2024-04-04T13:44:32.490Z"}
info: [2024-04-04T13:44:49.970Z] [POST] /donation/add {"timestamp":"2024-04-04T13:44:49.970Z"}
info: [2024-04-04T13:45:08.015Z] [POST] /donation/add {"timestamp":"2024-04-04T13:45:08.015Z"}
info: [2024-04-04T13:45:30.158Z] [POST] /donation/add {"timestamp":"2024-04-04T13:45:30.158Z"}
info: [2024-04-04T13:46:08.391Z] [POST] /donation/add {"timestamp":"2024-04-04T13:46:08.391Z"}
info: Server is running on port 3000 {"timestamp":"2024-04-04T13:47:51.062Z"}
info: [2024-04-04T13:47:59.237Z] [POST] /donation/add {"timestamp":"2024-04-04T13:47:59.237Z"}
info: [2024-04-04T13:48:06.977Z] [GET] /recipient/all {"timestamp":"2024-04-04T13:48:06.977Z"}
info: [2024-04-04T13:48:06.981Z] [GET] /donor/all {"timestamp":"2024-04-04T13:48:06.981Z"}
info: [2024-04-04T13:48:06.984Z] [GET] /drugs/all {"timestamp":"2024-04-04T13:48:06.984Z"}
info: [2024-04-04T13:48:25.414Z] [GET] /drugs/all {"timestamp":"2024-04-04T13:48:25.414Z"}
info: [2024-04-04T13:48:25.416Z] [GET] /donor/all {"timestamp":"2024-04-04T13:48:25.416Z"}
info: [2024-04-04T13:48:25.419Z] [GET] /recipient/all {"timestamp":"2024-04-04T13:48:25.419Z"}
info: [2024-04-04T13:48:46.681Z] [POST] /donation/add {"timestamp":"2024-04-04T13:48:46.681Z"}
info: [2024-04-04T13:50:46.967Z] [POST] /donation/add {"timestamp":"2024-04-04T13:50:46.967Z"}
info: Server is running on port 3000 {"timestamp":"2024-04-04T13:52:16.180Z"}
info: [2024-04-04T13:52:30.371Z] [POST] /donation/add {"timestamp":"2024-04-04T13:52:30.371Z"}
info: Server is running on port 3000 {"timestamp":"2024-04-04T13:53:31.526Z"}
info: [2024-04-04T13:56:09.045Z] [GET] /drugs/all {"timestamp":"2024-04-04T13:56:09.045Z"}
info: [2024-04-04T13:56:09.052Z] [GET] /donor/all {"timestamp":"2024-04-04T13:56:09.052Z"}
info: [2024-04-04T13:56:09.054Z] [GET] /recipient/all {"timestamp":"2024-04-04T13:56:09.054Z"}
info: [2024-04-04T13:56:09.056Z] [GET] /drugs/all {"timestamp":"2024-04-04T13:56:09.056Z"}
info: [2024-04-04T13:56:09.058Z] [GET] /recipient/all {"timestamp":"2024-04-04T13:56:09.058Z"}
info: [2024-04-04T13:56:09.376Z] [GET] /donor/all {"timestamp":"2024-04-04T13:56:09.376Z"}
info: [2024-04-04T13:56:09.427Z] [GET] /drugs/all {"timestamp":"2024-04-04T13:56:09.427Z"}
info: [2024-04-04T13:56:09.447Z] [GET] /drugs/all {"timestamp":"2024-04-04T13:56:09.447Z"}
info: [2024-04-04T13:56:09.503Z] [GET] /donor/all {"timestamp":"2024-04-04T13:56:09.503Z"}
info: [2024-04-04T13:56:09.506Z] [GET] /recipient/all {"timestamp":"2024-04-04T13:56:09.506Z"}
info: [2024-04-04T13:56:09.579Z] [GET] /drugs/all {"timestamp":"2024-04-04T13:56:09.579Z"}
info: [2024-04-04T13:56:43.049Z] [POST] /donation/add {"timestamp":"2024-04-04T13:56:43.049Z"}
info: Server is running on port 3000 {"timestamp":"2024-04-04T14:01:21.759Z"}
info: Server is running on port 3000 {"timestamp":"2024-04-04T14:01:38.650Z"}
info: [2024-04-04T14:01:48.257Z] [POST] /donation/add {"timestamp":"2024-04-04T14:01:48.257Z"}
info: Server is running on port 3000 {"timestamp":"2024-04-04T14:05:21.249Z"}
info: [2024-04-04T14:05:28.514Z] [POST] /donation/add {"timestamp":"2024-04-04T14:05:28.514Z"}
info: Server is running on port 3000 {"timestamp":"2024-04-04T14:06:02.958Z"}
info: [2024-04-04T14:06:06.123Z] [POST] /donation/add {"timestamp":"2024-04-04T14:06:06.123Z"}
info: Server is running on port 3000 {"timestamp":"2024-04-04T14:09:01.829Z"}
info: [2024-04-04T14:09:13.518Z] [POST] /donation/add {"timestamp":"2024-04-04T14:09:13.518Z"}
info: [2024-04-04T14:09:57.463Z] [POST] /donation/add {"timestamp":"2024-04-04T14:09:57.464Z"}
info: [2024-04-04T14:10:52.380Z] [POST] /donation/add {"timestamp":"2024-04-04T14:10:52.380Z"}
info: [2024-04-04T14:12:00.117Z] [POST] /donation/add {"timestamp":"2024-04-04T14:12:00.117Z"}
info: [2024-04-04T14:12:32.423Z] [GET] /recipient/all {"timestamp":"2024-04-04T14:12:32.423Z"}
info: [2024-04-04T14:12:32.426Z] [GET] /drugs/all {"timestamp":"2024-04-04T14:12:32.426Z"}
info: [2024-04-04T14:12:32.428Z] [GET] /donor/all {"timestamp":"2024-04-04T14:12:32.428Z"}
info: [2024-04-04T14:12:34.393Z] [GET] /donation/all {"timestamp":"2024-04-04T14:12:34.393Z"}
info: [2024-04-04T14:12:34.452Z] [GET] /recipient/all {"timestamp":"2024-04-04T14:12:34.452Z"}
info: [2024-04-04T14:13:13.098Z] [GET] /donation/all {"timestamp":"2024-04-04T14:13:13.098Z"}
info: [2024-04-04T14:13:21.830Z] [GET] /donation/1 {"timestamp":"2024-04-04T14:13:21.830Z"}
info: Server is running on port 3000 {"timestamp":"2024-04-04T14:14:53.457Z"}
